0 info it worked if it ends with ok
1 verbose cli [ '/Users/martin/.nvm/v0.10.4/bin/node',
1 verbose cli   '/Users/martin/.nvm/v0.10.4/bin/npm',
1 verbose cli   'start' ]
2 info using npm@1.2.18
3 info using node@v0.10.4
4 verbose read json /Users/martin/Sites/un2/package.json
5 verbose run-script [ 'prestart', 'start', 'poststart' ]
6 info prestart ortmun@0.1.1-2
7 info start ortmun@0.1.1-2
8 verbose unsafe-perm in lifecycle true
9 silly exec sh "-c" "web.js"
10 silly sh,-c,web.js,/Users/martin/Sites/un2 spawning
11 info ortmun@0.1.1-2 Failed to exec start script
12 error ortmun@0.1.1-2 start: `web.js`
12 error `sh "-c" "web.js"` failed with 127
13 error Failed at the ortmun@0.1.1-2 start script.
13 error This is most likely a problem with the ortmun package,
13 error not with npm itself.
13 error Tell the author that this fails on your system:
13 error     web.js
13 error You can get their info via:
13 error     npm owner ls ortmun
13 error There is likely additional logging output above.
14 error System Darwin 12.4.0
15 error command "/Users/martin/.nvm/v0.10.4/bin/node" "/Users/martin/.nvm/v0.10.4/bin/npm" "start"
16 error cwd /Users/martin/Sites/un2
17 error node -v v0.10.4
18 error npm -v 1.2.18
19 error code ELIFECYCLE
20 verbose exit [ 1, true ]
